<?xml version="1.0" encoding="UTF-8"?>
<testng-results skipped="0" failed="0" ignored="0" total="1" passed="1">
  <reporter-output>
  </reporter-output>
  <suite name="Default suite" duration-ms="10007" started-at="2017-08-08T22:47:58Z" finished-at="2017-08-08T22:48:08Z">
    <groups>
    </groups>
    <test name="Default test" duration-ms="10007" started-at="2017-08-08T22:47:58Z" finished-at="2017-08-08T22:48:08Z">
      <class name="automationFramework.TestNG_imgur">
        <test-method status="PASS" signature="beforeMethod()[pri:0, instance:automationFramework.TestNG_imgur@d8355a8]" name="beforeMethod" is-config="true" duration-ms="2685" started-at="2017-08-08T15:47:58Z" finished-at="2017-08-08T15:48:01Z">
          <reporter-output>
          </reporter-output>
        </test-method> <!-- beforeMethod -->
        <test-method status="PASS" signature="test_1()[pri:0, instance:automationFramework.TestNG_imgur@d8355a8]" name="test_1" duration-ms="7227" started-at="2017-08-08T15:48:01Z" finished-at="2017-08-08T15:48:08Z">
          <reporter-output>
          </reporter-output>
        </test-method> <!-- test_1 -->
        <test-method status="PASS" signature="afterMethod()[pri:0, instance:automationFramework.TestNG_imgur@d8355a8]" name="afterMethod" is-config="true" duration-ms="77" started-at="2017-08-08T15:48:08Z" finished-at="2017-08-08T15:48:08Z">
          <reporter-output>
          </reporter-output>
        </test-method> <!-- afterMethod -->
      </class> <!-- automationFramework.TestNG_imgur -->
    </test> <!-- Default test -->
  </suite> <!-- Default suite -->
</testng-results>
